[debug] [2022-04-11T08:55:35.415Z] ----------------------------------------------------------------------
[debug] [2022-04-11T08:55:35.417Z] Command:       C:\Program Files\nodejs\node.exe C:\Program Files\nodejs\node_modules\firebase-tools\lib\bin\firebase.js init
[debug] [2022-04-11T08:55:35.418Z] CLI Version:   10.6.0
[debug] [2022-04-11T08:55:35.418Z] Platform:      win32
[debug] [2022-04-11T08:55:35.418Z] Node Version:  v14.17.0
[debug] [2022-04-11T08:55:35.419Z] Time:          Mon Apr 11 2022 16:55:35 GMT+0800 (Singapore Standard Time)
[debug] [2022-04-11T08:55:35.419Z] ----------------------------------------------------------------------
[debug] 
[debug] [2022-04-11T08:55:35.512Z] > command requires scopes: ["email","openid","https://www.googleapis.com/auth/cloudplatformprojects.readonly","https://www.googleapis.com/auth/firebase","https://www.googleapis.com/auth/cloud-platform"]
[debug] [2022-04-11T08:55:35.512Z] > authorizing via signed-in user (wong.lihan48@gmail.com)
[info] 
     ######## #### ########  ######## ########     ###     ######  ########
     ##        ##  ##     ## ##       ##     ##  ##   ##  ##       ##
     ######    ##  ########  ######   ########  #########  ######  ######
     ##        ##  ##    ##  ##       ##     ## ##     ##       ## ##
     ##       #### ##     ## ######## ########  ##     ##  ######  ########

You're about to initialize a Firebase project in this directory:

  C:\Users\Li Han\Desktop\CZ2006-SchoolCompare\school-compare

Before we get started, keep in mind:

  * You are initializing within an existing Firebase project directory

[debug] [2022-04-11T08:56:02.492Z] ----------------------------------------------------------------------
[debug] [2022-04-11T08:56:02.497Z] Command:       C:\Program Files\nodejs\node.exe C:\Program Files\nodejs\node_modules\firebase-tools\lib\bin\firebase.js init
[debug] [2022-04-11T08:56:02.498Z] CLI Version:   10.6.0
[debug] [2022-04-11T08:56:02.498Z] Platform:      win32
[debug] [2022-04-11T08:56:02.499Z] Node Version:  v14.17.0
[debug] [2022-04-11T08:56:02.501Z] Time:          Mon Apr 11 2022 16:56:02 GMT+0800 (Singapore Standard Time)
[debug] [2022-04-11T08:56:02.501Z] ----------------------------------------------------------------------
[debug] 
[debug] [2022-04-11T08:56:02.671Z] > command requires scopes: ["email","openid","https://www.googleapis.com/auth/cloudplatformprojects.readonly","https://www.googleapis.com/auth/firebase","https://www.googleapis.com/auth/cloud-platform"]
[debug] [2022-04-11T08:56:02.672Z] > authorizing via signed-in user (wong.lihan48@gmail.com)
[info] 
     ######## #### ########  ######## ########     ###     ######  ########
     ##        ##  ##     ## ##       ##     ##  ##   ##  ##       ##
     ######    ##  ########  ######   ########  #########  ######  ######
     ##        ##  ##    ##  ##       ##     ## ##     ##       ## ##
     ##       #### ##     ## ######## ########  ##     ##  ######  ########

You're about to initialize a Firebase project in this directory:

  C:\Users\Li Han\Desktop\CZ2006-SchoolCompare\school-compare

Before we get started, keep in mind:

  * You are initializing within an existing Firebase project directory

[info] 
=== Project Setup
[info] 
[info] First, let's associate this project directory with a Firebase project.
[info] You can create multiple project aliases by running firebase use --add, 
[info] but for now we'll just set up a default project.
[info] 
[debug] [2022-04-11T08:56:08.670Z] Using project from CLI flag: school-compare-cffbf
[debug] [2022-04-11T08:56:08.672Z] > refreshing access token with scopes: []
[debug] [2022-04-11T08:56:08.673Z] >>> HTTP REQUEST POST https://www.googleapis.com/oauth2/v3/token  
 <request body omitted>
[debug] [2022-04-11T08:56:08.779Z] <<< HTTP RESPONSE 200 {"pragma":"no-cache","date":"Mon, 11 Apr 2022 08:56:08 GMT","expires":"Mon, 01 Jan 1990 00:00:00 GMT","cache-control":"no-cache, no-store, max-age=0, must-revalidate","content-type":"application/json; charset=utf-8","vary":"X-Origin, Referer, Origin,Accept-Encoding","server":"scaffolding on HTTPServer2","x-xss-protection":"0","x-frame-options":"SAMEORIGIN","x-content-type-options":"nosniff","alt-svc":"h3=\":443\"; ma=2592000,h3-29=\":443\"; ma=2592000,h3-Q050=\":443\"; ma=2592000,h3-Q046=\":443\"; ma=2592000,h3-Q043=\":443\"; ma=2592000,quic=\":443\"; ma=2592000; v=\"46,43\"","accept-ranges":"none","transfer-encoding":"chunked"}
[debug] [2022-04-11T08:56:08.810Z] >>> [apiv2][query] GET https://firebase.googleapis.com/v1beta1/projects/school-compare-cffbf [none]
[debug] [2022-04-11T08:56:09.206Z] <<< [apiv2][status] GET https://firebase.googleapis.com/v1beta1/projects/school-compare-cffbf 200
[debug] [2022-04-11T08:56:09.207Z] <<< [apiv2][body] GET https://firebase.googleapis.com/v1beta1/projects/school-compare-cffbf {"projectId":"school-compare-cffbf","projectNumber":"788961608159","displayName":"School Compare","name":"projects/school-compare-cffbf","resources":{"hostingSite":"school-compare-cffbf","realtimeDatabaseInstance":"school-compare-cffbf-default-rtdb","storageBucket":"school-compare-cffbf.appspot.com","locationId":"asia-southeast1"},"state":"ACTIVE"}
[info] i  Using project school-compare-cffbf (School Compare) 
[info] 
=== Hosting Setup
[info] 
[info] Your public directory is the folder (relative to your project directory) that
[info] will contain Hosting assets to be uploaded with firebase deploy. If you
[info] have a build process for your assets, use your build's output directory.
[info] 
